<?xml version="1.0" encoding="UTF-8"?>
<!-- Generated by org.testng.reporters.JUnitXMLReporter -->
<testsuite ignored="2" hostname="LAPTOP-SD3H4COP" failures="0" tests="2" name="Default test(failed)" time="5.055" errors="0" timestamp="2023-08-09T07:37:39 IST">
  <testcase classname="api.test.UserTest" name="updateUserByName" time="3.736"/>
  <testcase classname="api.test.UserTest" name="deleteUserByName" time="1.112"/>
  <testcase classname="api.test.UserTest" name="postUser" time="0.0">
    <ignored/>
  </testcase> <!-- postUser -->
  <testcase classname="api.test.UserTest" name="getUserByName" time="0.0">
    <ignored/>
  </testcase> <!-- getUserByName -->
</testsuite> <!-- Default test(failed) -->
