<?xml version="1.0" encoding="UTF-8"?>
<!-- Generated by org.testng.reporters.JUnitXMLReporter -->
<testsuite ignored="0" hostname="LAPTOP-SD3H4COP" failures="0" tests="4" name="Default test" time="9.005" errors="0" timestamp="2023-08-16T15:47:38 IST">
  <testcase classname="api.test.UserTest" name="postUser" time="3.496"/>
  <testcase classname="api.test.UserTest" name="getUserByName" time="1.137"/>
  <testcase classname="api.test.UserTest" name="updateUserByName" time="2.279"/>
  <testcase classname="api.test.UserTest" name="deleteUserByName" time="1.178"/>
</testsuite> <!-- Default test -->
