<?xml version="1.0" encoding="UTF-8"?>
<!-- Generated by org.testng.reporters.JUnitXMLReporter -->
<testsuite ignored="0" hostname="LAPTOP-SD3H4COP" failures="0" tests="4" name="Test" time="9.645" errors="0" timestamp="2023-08-16T16:12:44 IST">
  <testcase classname="api.test.UserTest2" name="postUser" time="3.477"/>
  <testcase classname="api.test.UserTest2" name="getUserByName" time="1.242"/>
  <testcase classname="api.test.UserTest2" name="updateUserByName" time="2.273"/>
  <testcase classname="api.test.UserTest2" name="deleteUserByName" time="1.157"/>
</testsuite> <!-- Test -->
