<?xml version="1.0" encoding="UTF-8"?>
<!-- Generated by org.testng.reporters.JUnitXMLReporter -->
<testsuite ignored="0" hostname="LAPTOP-SD3H4COP" failures="0" tests="4" name="Test" time="9.155" errors="0" timestamp="2023-08-16T16:40:43 IST">
  <testcase classname="api.test.UserTest2" name="postUser" time="3.363"/>
  <testcase classname="api.test.UserTest2" name="getUserByName" time="1.181"/>
  <testcase classname="api.test.UserTest2" name="updateUserByName" time="2.211"/>
  <testcase classname="api.test.UserTest2" name="deleteUserByName" time="1.194"/>
</testsuite> <!-- Test -->
